2018-02-15 10:14:53|   0.1|  0.1|INFORM|FME 2017.1.0.0 (20170731 - Build 17539 - WIN64)
2018-02-15 10:14:53|   0.1|  0.0|INFORM|FME_HOME is 'C:\Program Files\FME\'
2018-02-15 10:14:53|   0.1|  0.0|INFORM|FME Home Edition (node locked-crc)
2018-02-15 10:14:53|   0.1|  0.0|INFORM|Serial Number: 0
2018-02-15 10:14:53|   0.1|  0.0|INFORM|Temporary License: 138 days left.
2018-02-15 10:14:53|   0.1|  0.0|INFORM|Machine host name is: EHA-NG-GIS-AY
2018-02-15 10:14:53|   0.1|  0.0|INFORM|START - ProcessID: 24528, peak process memory usage: 33304 kB, current process memory usage: 33168 kB
2018-02-15 10:14:53|   0.1|  0.0|INFORM|FME Configuration: Command line arguments are `C:\Program Files\FME\fme.exe' `D:/Personal/Print Orientation/PrintOrientation-Controller\wb-xlate-1518686071402_20796' `LOG_STANDARDOUT' `YES' `LogCountServerName' `{9add9966-aee7-4058-9e6a-e8190415f9a6}'
2018-02-15 10:14:53|   0.1|  0.1|INFORM|Shared folders for formats are : C:\Program Files\FME\datasources;C:\Users\eha.admin\Documents\FME\Formats
2018-02-15 10:14:53|   0.1|  0.0|INFORM|Shared folders for transformers are : C:\Program Files\FME\transformers;C:\Users\eha.admin\Documents\FME\Transformers;C:\Users\eha.admin\AppData\Roaming\Safe Software\FME\FME Store\Transformers
2018-02-15 10:14:53|   0.1|  0.0|INFORM|Shared folders for coordinate systems are : C:\Users\eha.admin\Documents\FME\CoordinateSystems
2018-02-15 10:14:53|   0.1|  0.0|INFORM|Shared folders for coordinate system exceptions are : C:\Users\eha.admin\Documents\FME\CoordinateSystemExceptions
2018-02-15 10:14:53|   0.1|  0.0|INFORM|Shared folders for coordinate system grid overrides are : C:\Users\eha.admin\Documents\FME\CoordinateSystemGridOverrides
2018-02-15 10:14:53|   0.1|  0.0|INFORM|Shared folders for CS-MAP transformation exceptions are : C:\Users\eha.admin\Documents\FME\CsmapTransformationExceptions
2018-02-15 10:14:53|   0.1|  0.0|INFORM|Shared folders for transformer categories are : C:\Users\eha.admin\Documents\FME\TransformerCategories
2018-02-15 10:14:53|   0.1|  0.0|INFORM|Mapping File Identifier is: Workspace
2018-02-15 10:14:53|   0.1|  0.0|INFORM|FME Configuration: Reader Keyword is `SPATIALITE_1'
2018-02-15 10:14:53|   0.1|  0.0|INFORM|FME Configuration: Writer Keyword is `MULTI_WRITER'
2018-02-15 10:14:53|   0.2|  0.0|INFORM|FME Configuration: Writer Group Definition Keyword is `MULTI_WRITER_DEF'
2018-02-15 10:14:53|   0.2|  0.0|INFORM|FME Configuration: Reader type is `SPATIALITE'
2018-02-15 10:14:53|   0.2|  0.0|INFORM|FME Configuration: Writer type is `MULTI_WRITER'
2018-02-15 10:14:53|   0.2|  0.0|INFORM|FME Configuration: No destination coordinate system set
2018-02-15 10:14:53|   0.2|  0.0|INFORM|FME Configuration: Current working folder is `D:\Personal\Print Orientation\PrintOrientation-Controller'
2018-02-15 10:14:53|   0.2|  0.0|INFORM|FME Configuration: Temporary folder is `C:\Users\EHA~1.ADM\AppData\Local\Temp', set from environment variable `TEMP'
2018-02-15 10:14:53|   0.2|  0.0|INFORM|FME Configuration: FME_HOME is `C:\Program Files\FME\'
2018-02-15 10:14:53|   0.2|  0.0|INFORM|FME Configuration: FME_BASE is 'no'
2018-02-15 10:14:53|   0.2|  0.0|INFORM|FME Configuration: FME_MF_DIR is 'D:\Personal\Print Orientation\PrintOrientation-Controller/'
2018-02-15 10:14:53|   0.2|  0.0|INFORM|FME Configuration: FME_MF_NAME is 'Workspace.fmw'
2018-02-15 10:14:53|   0.2|  0.0|INFORM|FME Configuration: FME_PRODUCT_NAME is 'FME(R) 2017.1.0.0'
2018-02-15 10:14:53|   0.2|  0.0|INFORM|System Status: 128.34 GB of disk space available in the FME temporary folder (C:\Users\EHA~1.ADM\AppData\Local\Temp)
2018-02-15 10:14:53|   0.2|  0.0|INFORM|System Status: 128.00 TB of virtual memory available
2018-02-15 10:14:53|   0.2|  0.0|INFORM|Operating System: Microsoft Windows 10 64-bit  (Build 14393)
2018-02-15 10:14:53|   0.2|  0.0|INFORM|FME Platform: WIN64
2018-02-15 10:14:53|   0.2|  0.0|INFORM|Locale: en_US
2018-02-15 10:14:53|   0.2|  0.0|INFORM|Code Page: 1252  (ANSI - Latin I)
2018-02-15 10:14:53|   0.2|  0.0|INFORM|FME Configuration: Process limit is 15.86 GB of physical memory
2018-02-15 10:14:53|   0.2|  0.0|INFORM|FME Configuration: Start freeing memory when process usage exceeds 47.58 GB of virtual memory
2018-02-15 10:14:53|   0.2|  0.0|INFORM|FME Configuration: Stop freeing memory when process usage is below 35.68 GB of virtual memory
2018-02-15 10:14:53|   0.2|  0.1|INFORM|Creating writer for format: 
2018-02-15 10:14:54|   0.6|  0.4|INFORM|Creating reader for format: SpatiaLite
2018-02-15 10:14:54|   0.7|  0.0|INFORM|Trying to find a DYNAMIC plugin for reader named `SPATIALITE'
2018-02-15 10:14:54|   0.7|  0.0|INFORM|Loaded module 'SPATIALITE' from file 'C:\Program Files\FME\plugins/gdal/GDAL.dll'
2018-02-15 10:14:54|   0.7|  0.0|INFORM|FME API version of module 'SPATIALITE' matches current internal version (3.8 20170315)
2018-02-15 10:14:54|   0.7|  0.0|INFORM|SPATIALITE reader: Opening file 'D:\Personal\Print Orientation\PrintOrientation-Controller\Data\LGALayer.sqlite'
2018-02-15 10:14:54|   0.7|  0.0|INFORM|Using MultiWriter with keyword `MULTI_WRITER' to output data (ID_ATTRIBUTE is `multi_writer_id')
2018-02-15 10:14:54|   0.7|  0.0|INFORM|Writer output will be ordered by value of multi_writer_id
2018-02-15 10:14:54|   0.7|  0.0|INFORM|Loaded module 'LogCount_func' from file 'C:\Program Files\FME\plugins/LogCount_func.dll'
2018-02-15 10:14:54|   0.7|  0.0|INFORM|FME API version of module 'LogCount_func' matches current internal version (3.8 20170315)
2018-02-15 10:14:54|   1.0|  0.3|INFORM|The EPSG number of the FME coordinate system 'LL-WGS84' is '4326'
2018-02-15 10:14:54|   1.0|  0.0|INFORM|FME Configuration: Source coordinate system for reader SPATIALITE_1[SPATIALITE] set to `LL-WGS84' as read from input data
2018-02-15 10:14:54|   1.0|  0.0|INFORM|Coordinate System `LL-WGS84' parameters: CS_NAME=`LL-WGS84' DESC_NM=`WGS84 Lat/Longs' DT_NAME=`WGS84' GROUP=`LL' MAP_SCL=`1' PROJ=`LL' QUAD=`1' SCL_RED=`1' UNIT=`DEGREE' 
2018-02-15 10:14:54|   1.2|  0.2|INFORM|Emptying factory pipeline
2018-02-15 10:14:54|   1.2|  0.0|STATS |Router and Unexpected Input Remover(RoutingFactory): Tested 791 input feature(s), wrote 791 output feature(s): 791 matched merge filters, 791 were routed to output, 0 could not be routed.
2018-02-15 10:14:54|   1.2|  0.0|STATS |Unexpected Input Remover Nuker(TeeFactory): Cloned 0 input feature(s) into 0 output feature(s)
2018-02-15 10:14:54|   1.2|  0.0|STATS |admin_lga (SPATIALITE_1) Splitter(TeeFactory): Cloned 791 input feature(s) into 791 output feature(s)
2018-02-15 10:14:54|   1.2|  0.0|STATS |admin_lga_SPATIALITE_1 Feature Counter -1 4(TeeFactory): Cloned 791 input feature(s) into 791 output feature(s)
2018-02-15 10:14:54|   1.2|  0.0|STATS |BoundsExtractor(TeeFactory): Cloned 791 input feature(s) into 791 output feature(s)
2018-02-15 10:14:54|   1.2|  0.0|STATS |BoundsExtractor_OUTPUT Feature Counter -1 7(TeeFactory): Cloned 791 input feature(s) into 791 output feature(s)
2018-02-15 10:14:54|   1.2|  0.0|STATS |Calculate_Bound_Ratios_OUTPUT Feature Counter -1 10(TeeFactory): Cloned 791 input feature(s) into 791 output feature(s)
2018-02-15 10:14:54|   1.2|  0.0|STATS |Tester(TestFactory): Tested 791 input feature(s) -- 321 feature(s) passed and 470 feature(s) failed
2018-02-15 10:14:54|   1.2|  0.0|STATS |Tester_PASSED Feature Counter -1 13(TeeFactory): Cloned 321 input feature(s) into 321 output feature(s)
2018-02-15 10:14:54|   1.2|  0.0|STATS |Tester_FAILED Feature Counter -1 15(TeeFactory): Cloned 470 input feature(s) into 470 output feature(s)
2018-02-15 10:14:54|   1.2|  0.0|STATS |Landscape_OUTPUT Feature Counter -1 18(TeeFactory): Cloned 470 input feature(s) into 470 output feature(s)
2018-02-15 10:14:54|   1.2|  0.0|STATS |Portrait_OUTPUT Feature Counter -1 19(TeeFactory): Cloned 321 input feature(s) into 321 output feature(s)
2018-02-15 10:14:54|   1.2|  0.0|STATS |Merger_Layer(SortFactory): Output 791 feature(s) without doing any sorting
2018-02-15 10:14:54|   1.2|  0.0|STATS |Merger_Layer_OUTPUT Feature Counter -1 21(TeeFactory): Cloned 791 input feature(s) into 791 output feature(s)
2018-02-15 10:14:54|   1.2|  0.0|STATS |AttributeKeeper(TeeFactory): Cloned 791 input feature(s) into 791 output feature(s)
2018-02-15 10:14:54|   1.2|  0.0|STATS |AttributeKeeper_OUTPUT Feature Counter -1 25(TeeFactory): Cloned 791 input feature(s) into 791 output feature(s)
2018-02-15 10:14:54|   1.2|  0.0|STATS |Destination Feature Type Routing Correlator(RoutingFactory): Tested 791 input feature(s), wrote 791 output feature(s): 0 matched merge filters, 791 were routed to output, 0 could not be routed.
2018-02-15 10:14:54|   1.2|  0.0|STATS |Final Output Nuker(TeeFactory): Cloned 0 input feature(s) into 0 output feature(s)
2018-02-15 10:14:54|   1.2|  0.0|INFORM|MULTI_WRITER: multi_writer_id `1': Started outputting features
2018-02-15 10:14:54|   1.2|  0.0|INFORM|Creating writer for format: SpatiaLite
2018-02-15 10:14:54|   1.2|  0.0|INFORM|Trying to find a DYNAMIC plugin for writer named `SPATIALITE'
2018-02-15 10:14:54|   1.2|  0.0|INFORM|FME API version of module 'SPATIALITE' matches current internal version (3.8 20170315)
2018-02-15 10:14:54|   1.2|  0.0|INFORM|FME Configuration: No destination coordinate system set
2018-02-15 10:14:54|   1.2|  0.0|INFORM|FME API version of module 'SPATIALITE' matches current internal version (3.8 20170315)
2018-02-15 10:14:54|   1.2|  0.0|INFORM|Writer `SPATIALITE_3' of type `SPATIALITE' using group definition keyword `SPATIALITE_3_DEF'
2018-02-15 10:14:54|   1.2|  0.0|INFORM|FME API version of module 'SPATIALITE' matches current internal version (3.8 20170315)
2018-02-15 10:14:54|   1.2|  0.0|INFORM|SPATIALITE writer: Directive '_OVERWRITE_DATASET' has value 'No'
2018-02-15 10:14:54|   1.2|  0.0|INFORM|SPATIALITE writer: Directive '_CREATE_SPATIAL_INDEX' has value 'Yes'
2018-02-15 10:14:54|   1.2|  0.0|INFORM|SPATIALITE writer: Directive '_COMPRESS_GEOMETRY' has value 'No'
2018-02-15 10:14:54|   1.2|  0.0|INFORM|SPATIALITE writer: Directive '_TRANSACTION_SIZE' has value '1000'
2018-02-15 10:14:54|   1.2|  0.0|INFORM|SPATIALITE writer: Feature Type Parameter 'spatialite_create_spatial_index' has value 'Yes' for feature type 'adminbounds_output'
2018-02-15 10:14:54|   1.2|  0.0|INFORM|SPATIALITE writer: Feature Type Parameter 'spatialite_compress_geometry' has value 'No' for feature type 'adminbounds_output'
2018-02-15 10:14:54|   1.2|  0.0|INFORM|SPATIALITE Writer: Feature Type Parameter 'fme_table_handling' has value 'CREATE_IF_MISSING' for feature type 'adminbounds_output'
2018-02-15 10:14:54|   1.2|  0.0|INFORM|SPATIALITE Writer: Feature Type Parameter 'fme_feature_operation' has value 'Insert' for feature type 'adminbounds_output'
2018-02-15 10:14:54|   1.2|  0.0|INFORM|SPATIALITE writer: Opening file 'D:\Personal\Print Orientation\PrintOrientation-Controller\Data\LGALayer_Output.sqlite'
2018-02-15 10:14:54|   1.2|  0.0|INFORM|SPATIALITE writer: Creating file 'D:\Personal\Print Orientation\PrintOrientation-Controller\Data\LGALayer_Output.sqlite'
2018-02-15 10:14:54|   1.3|  0.1|INFORM|SPATIALITE writer: Creating layer 'adminbounds_output' with geometry type 'wkb_polygon'
2018-02-15 10:14:54|   1.3|  0.0|WARN  |SPATIALITE writer: Existing feature type 'adminbounds_output' contains attribute 'ratio' of type 'real(20,10)' that does not match the schema attribute of type 'real64'.  Attributes named 'ratio' on incoming features will be written to the existing feature type as type 'real(20,10)'
2018-02-15 10:14:55|   1.4|  0.0|INFORM|SPATIALITE writer: Committing transaction of 791 features to feature types 'adminbounds_output'...
2018-02-15 10:14:55|   1.4|  0.0|INFORM|=-=-=-=-=-=-=-=-=-=-=-=-=-=-=-=-=-=-=-=-=-=-=-=-=-=-=-=-=-=-=-=-=-=-=-=-=-=-=-
2018-02-15 10:14:55|   1.4|  0.0|INFORM|Feature output statistics for `SPATIALITE' writer using keyword `SPATIALITE_3':
2018-02-15 10:14:55|   1.4|  0.0|STATS |=-=-=-=-=-=-=-=-=-=-=-=-=-=-=-=-=-=-=-=-=-=-=-=-=-=-=-=-=-=-=-=-=-=-=-=-=-=-=-
2018-02-15 10:14:55|   1.4|  0.0|STATS |                               Features Written
2018-02-15 10:14:55|   1.4|  0.0|STATS |=-=-=-=-=-=-=-=-=-=-=-=-=-=-=-=-=-=-=-=-=-=-=-=-=-=-=-=-=-=-=-=-=-=-=-=-=-=-=-
2018-02-15 10:14:55|   1.4|  0.0|STATS |adminbounds_output                                                         791
2018-02-15 10:14:55|   1.4|  0.0|STATS |==============================================================================
2018-02-15 10:14:55|   1.4|  0.0|STATS |Total Features Written                                                     791
2018-02-15 10:14:55|   1.4|  0.0|STATS |=-=-=-=-=-=-=-=-=-=-=-=-=-=-=-=-=-=-=-=-=-=-=-=-=-=-=-=-=-=-=-=-=-=-=-=-=-=-=-
2018-02-15 10:14:55|   1.4|  0.0|INFORM|MULTI_WRITER: multi_writer_id `1': done writing 791 feature(s) 
2018-02-15 10:14:55|   1.4|  0.0|INFORM|^^^^^^^^^^^^^^^^^^^^^^^^^^^^^^^^^^^^^^^^^^^^^^^^^^^^^^^^^^^^^^^^^^^^^^^^^^^^^^
2018-02-15 10:14:55|   1.4|  0.0|STATS |=-=-=-=-=-=-=-=-=-=-=-=-=-=-=-=-=-=-=-=-=-=-=-=-=-=-=-=-=-=-=-=-=-=-=-=-=-=-=-
2018-02-15 10:14:55|   1.4|  0.0|STATS |                            Features Read Summary
2018-02-15 10:14:55|   1.4|  0.0|STATS |=-=-=-=-=-=-=-=-=-=-=-=-=-=-=-=-=-=-=-=-=-=-=-=-=-=-=-=-=-=-=-=-=-=-=-=-=-=-=-
2018-02-15 10:14:55|   1.4|  0.0|STATS |admin_lga                                                                  791
2018-02-15 10:14:55|   1.4|  0.0|STATS |==============================================================================
2018-02-15 10:14:55|   1.4|  0.0|STATS |Total Features Read                                                        791
2018-02-15 10:14:55|   1.4|  0.0|STATS |=-=-=-=-=-=-=-=-=-=-=-=-=-=-=-=-=-=-=-=-=-=-=-=-=-=-=-=-=-=-=-=-=-=-=-=-=-=-=-
2018-02-15 10:14:55|   1.4|  0.0|STATS |=-=-=-=-=-=-=-=-=-=-=-=-=-=-=-=-=-=-=-=-=-=-=-=-=-=-=-=-=-=-=-=-=-=-=-=-=-=-=-
2018-02-15 10:14:55|   1.4|  0.0|STATS |                           Features Written Summary
2018-02-15 10:14:55|   1.4|  0.0|STATS |=-=-=-=-=-=-=-=-=-=-=-=-=-=-=-=-=-=-=-=-=-=-=-=-=-=-=-=-=-=-=-=-=-=-=-=-=-=-=-
2018-02-15 10:14:55|   1.4|  0.0|STATS |adminbounds_output                                                         791
2018-02-15 10:14:55|   1.4|  0.0|STATS |==============================================================================
2018-02-15 10:14:55|   1.4|  0.0|STATS |Total Features Written                                                     791
2018-02-15 10:14:55|   1.4|  0.0|STATS |=-=-=-=-=-=-=-=-=-=-=-=-=-=-=-=-=-=-=-=-=-=-=-=-=-=-=-=-=-=-=-=-=-=-=-=-=-=-=-
2018-02-15 10:14:55|   1.4|  0.0|INFORM|Translation was SUCCESSFUL with 1 warning(s) (791 feature(s) output)
2018-02-15 10:14:55|   1.4|  0.0|INFORM|FME Session Duration: 1.6 seconds. (CPU: 1.0s user, 0.4s system)
2018-02-15 10:14:55|   1.4|  0.0|INFORM|END - ProcessID: 24528, peak process memory usage: 545044 kB, current process memory usage: 528612 kB
